<?xml version="1.0" encoding="UTF-8"?>
<!-- Generated by org.testng.reporters.JUnitXMLReporter -->
<testsuite ignored="0" hostname="LAPTOP-7687MFOV" failures="1" tests="2" name="Login Tests" time="18.329" errors="0" timestamp="2025-05-26T20:39:34 IST">
  <testcase classname="com.QAproject.loginTest.LoginTest" name="testLogin" time="12.707">
    <failure type="java.lang.AssertionError" message="Login failed expected [true] but found [false]">
      <![CDATA[java.lang.AssertionError: Login failed expected [true] but found [false]
at com.QAproject.loginTest.LoginTest.testLogin(LoginTest.java:33)
at java.base/java.util.ArrayList.forEach(ArrayList.java:1596)
... Removed 28 stack frames]]>
    </failure>
  </testcase> <!-- testLogin -->
  <testcase classname="com.QAproject.loginTest.LoginTest" name="testTitle" time="0.119"/>
</testsuite> <!-- Login Tests -->
