<?xml version="1.0" encoding="UTF-8"?>
<!-- Generated by org.testng.reporters.JUnitXMLReporter -->
<testsuite ignored="2" hostname="LAPTOP-7687MFOV" failures="0" tests="1" name="Default test" time="22.641" errors="0" timestamp="2025-05-01T09:50:32 IST">
  <testcase classname="QAproject.wait" name="implicitwait" time="10.392"/>
  <testcase classname="QAproject.wait" name="explicitWait" time="0.0">
    <ignored/>
  </testcase> <!-- explicitWait -->
  <testcase classname="QAproject.wait" name="fluentWait" time="0.0">
    <ignored/>
  </testcase> <!-- fluentWait -->
</testsuite> <!-- Default test -->
