<?xml version="1.0" encoding="UTF-8"?>
<!-- Generated by org.testng.reporters.JUnitXMLReporter -->
<testsuite ignored="0" hostname="LAPTOP-7687MFOV" failures="2" tests="2" name="UserTests" time="20.014" errors="0" timestamp="2025-05-26T20:17:14 IST">
  <testcase classname="com.QAproject.loginTest.LoginTest" name="testLogin" time="12.75">
    <failure type="java.lang.AssertionError" message="expected [true] but found [false]">
      <![CDATA[java.lang.AssertionError: expected [true] but found [false]
at com.QAproject.loginTest.LoginTest.testLogin(LoginTest.java:33)
at java.base/java.util.ArrayList.forEach(ArrayList.java:1596)
... Removed 29 stack frames]]>
    </failure>
  </testcase> <!-- testLogin -->
  <testcase classname="com.QAproject.loginTest.LoginTest" name="testTilte" time="0.117">
    <failure type="java.lang.AssertionError" message="expected [Instagramkt] but found [Instagram]">
      <![CDATA[java.lang.AssertionError: expected [Instagramkt] but found [Instagram]
at com.QAproject.loginTest.LoginTest.testTilte(LoginTest.java:29)
at java.base/java.util.ArrayList.forEach(ArrayList.java:1596)
... Removed 31 stack frames]]>
    </failure>
  </testcase> <!-- testTilte -->
</testsuite> <!-- UserTests -->
